
> task_b@1.0.0 start /home/user/Dropbox/School/CS3219/CS3219_OTOT_Assignment/task_B
> nodemon server.js

[33m[nodemon] 2.0.4[39m
[33m[nodemon] to restart at any time, enter `rs`[39m
[33m[nodemon] watching path(s): *.*[39m
[33m[nodemon] watching extensions: js,mjs,json[39m
[32m[nodemon] starting `node server.js`[39m
Server listening on port 8080...
undefined
undefined
[32m[nodemon] restarting due to changes...[39m
[32m[nodemon] starting `node server.js`[39m
Server listening on port 8080...
IncomingMessage {
  _readableState: ReadableState {
    objectMode: false,
    highWaterMark: 16384,
    buffer: BufferList { head: null, tail: null, length: 0 },
    length: 0,
    pipes: null,
    pipesCount: 0,
    flowing: null,
    ended: false,
    endEmitted: false,
    reading: false,
    sync: true,
    needReadable: false,
    emittedReadable: false,
    readableListening: false,
    resumeScheduled: false,
    emitClose: true,
    autoDestroy: false,
    destroyed: false,
    defaultEncoding: 'utf8',
    awaitDrainWriters: null,
    multiAwaitDrain: false,
    readingMore: true,
    decoder: null,
    encoding: null,
    [Symbol(kPaused)]: null
  },
  readable: true,
  _events: [Object: null prototype] {
    end: [Function: resetHeadersTimeoutOnReqEnd]
  },
  _eventsCount: 1,
  _maxListeners: undefined,
  socket: Socket {
    connecting: false,
    _hadError: false,
    _parent: null,
    _host: null,
    _readableState: ReadableState {
      objectMode: false,
      highWaterMark: 16384,
      buffer: BufferList { head: null, tail: null, length: 0 },
      length: 0,
      pipes: null,
      pipesCount: 0,
      flowing: true,
      ended: false,
      endEmitted: false,
      reading: true,
      sync: false,
      needReadable: true,
      emittedReadable: false,
      readableListening: false,
      resumeScheduled: false,
      emitClose: false,
      autoDestroy: false,
      destroyed: false,
      defaultEncoding: 'utf8',
      awaitDrainWriters: null,
      multiAwaitDrain: false,
      readingMore: false,
      decoder: null,
      encoding: null,
      [Symbol(kPaused)]: false
    },
    readable: true,
    _events: [Object: null prototype] {
      end: [Array],
      timeout: [Function: socketOnTimeout],
      data: [Function: bound socketOnData],
      error: [Function: socketOnError],
      close: [Array],
      drain: [Function: bound socketOnDrain],
      resume: [Function: onSocketResume],
      pause: [Function: onSocketPause]
    },
    _eventsCount: 8,
    _maxListeners: undefined,
    _writableState: WritableState {
      objectMode: false,
      highWaterMark: 16384,
      finalCalled: false,
      needDrain: false,
      ending: false,
      ended: false,
      finished: false,
      destroyed: false,
      decodeStrings: false,
      defaultEncoding: 'utf8',
      length: 0,
      writing: false,
      corked: 0,
      sync: true,
      bufferProcessing: false,
      onwrite: [Function: bound onwrite],
      writecb: null,
      writelen: 0,
      afterWriteTickInfo: null,
      bufferedRequest: null,
      lastBufferedRequest: null,
      pendingcb: 0,
      prefinished: false,
      errorEmitted: false,
      emitClose: false,
      autoDestroy: false,
      bufferedRequestCount: 0,
      corkedRequestsFree: [Object]
    },
    writable: true,
    allowHalfOpen: true,
    _sockname: null,
    _pendingData: null,
    _pendingEncoding: '',
    server: Server {
      insecureHTTPParser: undefined,
      _events: [Object: null prototype],
      _eventsCount: 2,
      _maxListeners: undefined,
      _connections: 2,
      _handle: [TCP],
      _usingWorkers: false,
      _workers: [],
      _unref: false,
      allowHalfOpen: true,
      pauseOnConnect: false,
      httpAllowHalfOpen: false,
      timeout: 120000,
      keepAliveTimeout: 5000,
      maxHeadersCount: null,
      headersTimeout: 60000,
      _connectionKey: '6::::8080',
      [Symbol(IncomingMessage)]: [Function: IncomingMessage],
      [Symbol(ServerResponse)]: [Function: ServerResponse],
      [Symbol(kCapture)]: false,
      [Symbol(asyncId)]: 5
    },
    _server: Server {
      insecureHTTPParser: undefined,
      _events: [Object: null prototype],
      _eventsCount: 2,
      _maxListeners: undefined,
      _connections: 2,
      _handle: [TCP],
      _usingWorkers: false,
      _workers: [],
      _unref: false,
      allowHalfOpen: true,
      pauseOnConnect: false,
      httpAllowHalfOpen: false,
      timeout: 120000,
      keepAliveTimeout: 5000,
      maxHeadersCount: null,
      headersTimeout: 60000,
      _connectionKey: '6::::8080',
      [Symbol(IncomingMessage)]: [Function: IncomingMessage],
      [Symbol(ServerResponse)]: [Function: ServerResponse],
      [Symbol(kCapture)]: false,
      [Symbol(asyncId)]: 5
    },
    timeout: 120000,
    parser: HTTPParser {
      '0': [Function: parserOnHeaders],
      '1': [Function: parserOnHeadersComplete],
      '2': [Function: parserOnBody],
      '3': [Function: parserOnMessageComplete],
      '4': [Function: bound onParserExecute],
      _headers: [],
      _url: '',
      socket: [Circular],
      incoming: [Circular],
      outgoing: null,
      maxHeaderPairs: 2000,
      _consumed: true,
      onIncoming: [Function: bound parserOnIncoming],
      parsingHeadersStart: 0,
      [Symbol(resource_symbol)]: [HTTPServerAsyncResource]
    },
    on: [Function: socketListenerWrap],
    addListener: [Function: socketListenerWrap],
    prependListener: [Function: socketListenerWrap],
    _paused: false,
    _httpMessage: ServerResponse {
      _events: [Object: null prototype],
      _eventsCount: 1,
      _maxListeners: undefined,
      outputData: [],
      outputSize: 0,
      writable: true,
      _last: false,
      chunkedEncoding: false,
      shouldKeepAlive: true,
      useChunkedEncodingByDefault: true,
      sendDate: true,
      _removedConnection: false,
      _removedContLen: false,
      _removedTE: false,
      _contentLength: null,
      _hasBody: true,
      _trailer: '',
      finished: false,
      _headerSent: false,
      socket: [Circular],
      connection: [Circular],
      _header: null,
      _onPendingData: [Function: bound updateOutgoingData],
      _sent100: false,
      _expect_continue: false,
      req: [Circular],
      locals: [Object: null prototype] {},
      [Symbol(kCapture)]: false,
      [Symbol(kNeedDrain)]: false,
      [Symbol(corked)]: 0,
      [Symbol(kOutHeaders)]: [Object: null prototype]
    },
    [Symbol(asyncId)]: 13,
    [Symbol(kHandle)]: TCP {
      reading: true,
      onconnection: null,
      _consumed: true,
      [Symbol(owner_symbol)]: [Circular]
    },
    [Symbol(kSetNoDelay)]: false,
    [Symbol(lastWriteQueueSize)]: 0,
    [Symbol(timeout)]: Timeout {
      _idleTimeout: 120000,
      _idlePrev: [Timeout],
      _idleNext: [TimersList],
      _idleStart: 6318,
      _onTimeout: [Function: bound ],
      _timerArgs: undefined,
      _repeat: null,
      _destroyed: false,
      [Symbol(refed)]: false,
      [Symbol(asyncId)]: 14,
      [Symbol(triggerId)]: 13
    },
    [Symbol(kBuffer)]: null,
    [Symbol(kBufferCb)]: null,
    [Symbol(kBufferGen)]: null,
    [Symbol(kCapture)]: false,
    [Symbol(kBytesRead)]: 0,
    [Symbol(kBytesWritten)]: 0
  },
  connection: Socket {
    connecting: false,
    _hadError: false,
    _parent: null,
    _host: null,
    _readableState: ReadableState {
      objectMode: false,
      highWaterMark: 16384,
      buffer: BufferList { head: null, tail: null, length: 0 },
      length: 0,
      pipes: null,
      pipesCount: 0,
      flowing: true,
      ended: false,
      endEmitted: false,
      reading: true,
      sync: false,
      needReadable: true,
      emittedReadable: false,
      readableListening: false,
      resumeScheduled: false,
      emitClose: false,
      autoDestroy: false,
      destroyed: false,
      defaultEncoding: 'utf8',
      awaitDrainWriters: null,
      multiAwaitDrain: false,
      readingMore: false,
      decoder: null,
      encoding: null,
      [Symbol(kPaused)]: false
    },
    readable: true,
    _events: [Object: null prototype] {
      end: [Array],
      timeout: [Function: socketOnTimeout],
      data: [Function: bound socketOnData],
      error: [Function: socketOnError],
      close: [Array],
      drain: [Function: bound socketOnDrain],
      resume: [Function: onSocketResume],
      pause: [Function: onSocketPause]
    },
    _eventsCount: 8,
    _maxListeners: undefined,
    _writableState: WritableState {
      objectMode: false,
      highWaterMark: 16384,
      finalCalled: false,
      needDrain: false,
      ending: false,
      ended: false,
      finished: false,
      destroyed: false,
      decodeStrings: false,
      defaultEncoding: 'utf8',
      length: 0,
      writing: false,
      corked: 0,
      sync: true,
      bufferProcessing: false,
      onwrite: [Function: bound onwrite],
      writecb: null,
      writelen: 0,
      afterWriteTickInfo: null,
      bufferedRequest: null,
      lastBufferedRequest: null,
      pendingcb: 0,
      prefinished: false,
      errorEmitted: false,
      emitClose: false,
      autoDestroy: false,
      bufferedRequestCount: 0,
      corkedRequestsFree: [Object]
    },
    writable: true,
    allowHalfOpen: true,
    _sockname: null,
    _pendingData: null,
    _pendingEncoding: '',
    server: Server {
      insecureHTTPParser: undefined,
      _events: [Object: null prototype],
      _eventsCount: 2,
      _maxListeners: undefined,
      _connections: 2,
      _handle: [TCP],
      _usingWorkers: false,
      _workers: [],
      _unref: false,
      allowHalfOpen: true,
      pauseOnConnect: false,
      httpAllowHalfOpen: false,
      timeout: 120000,
      keepAliveTimeout: 5000,
      maxHeadersCount: null,
      headersTimeout: 60000,
      _connectionKey: '6::::8080',
      [Symbol(IncomingMessage)]: [Function: IncomingMessage],
      [Symbol(ServerResponse)]: [Function: ServerResponse],
      [Symbol(kCapture)]: false,
      [Symbol(asyncId)]: 5
    },
    _server: Server {
      insecureHTTPParser: undefined,
      _events: [Object: null prototype],
      _eventsCount: 2,
      _maxListeners: undefined,
      _connections: 2,
      _handle: [TCP],
      _usingWorkers: false,
      _workers: [],
      _unref: false,
      allowHalfOpen: true,
      pauseOnConnect: false,
      httpAllowHalfOpen: false,
      timeout: 120000,
      keepAliveTimeout: 5000,
      maxHeadersCount: null,
      headersTimeout: 60000,
      _connectionKey: '6::::8080',
      [Symbol(IncomingMessage)]: [Function: IncomingMessage],
      [Symbol(ServerResponse)]: [Function: ServerResponse],
      [Symbol(kCapture)]: false,
      [Symbol(asyncId)]: 5
    },
    timeout: 120000,
    parser: HTTPParser {
      '0': [Function: parserOnHeaders],
      '1': [Function: parserOnHeadersComplete],
      '2': [Function: parserOnBody],
      '3': [Function: parserOnMessageComplete],
      '4': [Function: bound onParserExecute],
      _headers: [],
      _url: '',
      socket: [Circular],
      incoming: [Circular],
      outgoing: null,
      maxHeaderPairs: 2000,
      _consumed: true,
      onIncoming: [Function: bound parserOnIncoming],
      parsingHeadersStart: 0,
      [Symbol(resource_symbol)]: [HTTPServerAsyncResource]
    },
    on: [Function: socketListenerWrap],
    addListener: [Function: socketListenerWrap],
    prependListener: [Function: socketListenerWrap],
    _paused: false,
    _httpMessage: ServerResponse {
      _events: [Object: null prototype],
      _eventsCount: 1,
      _maxListeners: undefined,
      outputData: [],
      outputSize: 0,
      writable: true,
      _last: false,
      chunkedEncoding: false,
      shouldKeepAlive: true,
      useChunkedEncodingByDefault: true,
      sendDate: true,
      _removedConnection: false,
      _removedContLen: false,
      _removedTE: false,
      _contentLength: null,
      _hasBody: true,
      _trailer: '',
      finished: false,
      _headerSent: false,
      socket: [Circular],
      connection: [Circular],
      _header: null,
      _onPendingData: [Function: bound updateOutgoingData],
      _sent100: false,
      _expect_continue: false,
      req: [Circular],
      locals: [Object: null prototype] {},
      [Symbol(kCapture)]: false,
      [Symbol(kNeedDrain)]: false,
      [Symbol(corked)]: 0,
      [Symbol(kOutHeaders)]: [Object: null prototype]
    },
    [Symbol(asyncId)]: 13,
    [Symbol(kHandle)]: TCP {
      reading: true,
      onconnection: null,
      _consumed: true,
      [Symbol(owner_symbol)]: [Circular]
    },
    [Symbol(kSetNoDelay)]: false,
    [Symbol(lastWriteQueueSize)]: 0,
    [Symbol(timeout)]: Timeout {
      _idleTimeout: 120000,
      _idlePrev: [Timeout],
      _idleNext: [TimersList],
      _idleStart: 6318,
      _onTimeout: [Function: bound ],
      _timerArgs: undefined,
      _repeat: null,
      _destroyed: false,
      [Symbol(refed)]: false,
      [Symbol(asyncId)]: 14,
      [Symbol(triggerId)]: 13
    },
    [Symbol(kBuffer)]: null,
    [Symbol(kBufferCb)]: null,
    [Symbol(kBufferGen)]: null,
    [Symbol(kCapture)]: false,
    [Symbol(kBytesRead)]: 0,
    [Symbol(kBytesWritten)]: 0
  },
  httpVersionMajor: 1,
  httpVersionMinor: 1,
  httpVersion: '1.1',
  complete: false,
  headers: {
    'user-agent': 'PostmanRuntime/7.26.5',
    accept: '*/*',
    'postman-token': 'f2cdc318-8f52-46a6-931d-ca9454cfd0dd',
    host: 'localhost:8080',
    'accept-encoding': 'gzip, deflate, br',
    connection: 'keep-alive',
    'content-type': 'application/x-www-form-urlencoded',
    'content-length': '88'
  },
  rawHeaders: [
    'User-Agent',
    'PostmanRuntime/7.26.5',
    'Accept',
    '*/*',
    'Postman-Token',
    'f2cdc318-8f52-46a6-931d-ca9454cfd0dd',
    'Host',
    'localhost:8080',
    'Accept-Encoding',
    'gzip, deflate, br',
    'Connection',
    'keep-alive',
    'Content-Type',
    'application/x-www-form-urlencoded',
    'Content-Length',
    '88'
  ],
  trailers: {},
  rawTrailers: [],
  aborted: false,
  upgrade: false,
  url: '/user',
  method: 'POST',
  statusCode: null,
  statusMessage: null,
  client: Socket {
    connecting: false,
    _hadError: false,
    _parent: null,
    _host: null,
    _readableState: ReadableState {
      objectMode: false,
      highWaterMark: 16384,
      buffer: BufferList { head: null, tail: null, length: 0 },
      length: 0,
      pipes: null,
      pipesCount: 0,
      flowing: true,
      ended: false,
      endEmitted: false,
      reading: true,
      sync: false,
      needReadable: true,
      emittedReadable: false,
      readableListening: false,
      resumeScheduled: false,
      emitClose: false,
      autoDestroy: false,
      destroyed: false,
      defaultEncoding: 'utf8',
      awaitDrainWriters: null,
      multiAwaitDrain: false,
      readingMore: false,
      decoder: null,
      encoding: null,
      [Symbol(kPaused)]: false
    },
    readable: true,
    _events: [Object: null prototype] {
      end: [Array],
      timeout: [Function: socketOnTimeout],
      data: [Function: bound socketOnData],
      error: [Function: socketOnError],
      close: [Array],
      drain: [Function: bound socketOnDrain],
      resume: [Function: onSocketResume],
      pause: [Function: onSocketPause]
    },
    _eventsCount: 8,
    _maxListeners: undefined,
    _writableState: WritableState {
      objectMode: false,
      highWaterMark: 16384,
      finalCalled: false,
      needDrain: false,
      ending: false,
      ended: false,
      finished: false,
      destroyed: false,
      decodeStrings: false,
      defaultEncoding: 'utf8',
      length: 0,
      writing: false,
      corked: 0,
      sync: true,
      bufferProcessing: false,
      onwrite: [Function: bound onwrite],
      writecb: null,
      writelen: 0,
      afterWriteTickInfo: null,
      bufferedRequest: null,
      lastBufferedRequest: null,
      pendingcb: 0,
      prefinished: false,
      errorEmitted: false,
      emitClose: false,
      autoDestroy: false,
      bufferedRequestCount: 0,
      corkedRequestsFree: [Object]
    },
    writable: true,
    allowHalfOpen: true,
    _sockname: null,
    _pendingData: null,
    _pendingEncoding: '',
    server: Server {
      insecureHTTPParser: undefined,
      _events: [Object: null prototype],
      _eventsCount: 2,
      _maxListeners: undefined,
      _connections: 2,
      _handle: [TCP],
      _usingWorkers: false,
      _workers: [],
      _unref: false,
      allowHalfOpen: true,
      pauseOnConnect: false,
      httpAllowHalfOpen: false,
      timeout: 120000,
      keepAliveTimeout: 5000,
      maxHeadersCount: null,
      headersTimeout: 60000,
      _connectionKey: '6::::8080',
      [Symbol(IncomingMessage)]: [Function: IncomingMessage],
      [Symbol(ServerResponse)]: [Function: ServerResponse],
      [Symbol(kCapture)]: false,
      [Symbol(asyncId)]: 5
    },
    _server: Server {
      insecureHTTPParser: undefined,
      _events: [Object: null prototype],
      _eventsCount: 2,
      _maxListeners: undefined,
      _connections: 2,
      _handle: [TCP],
      _usingWorkers: false,
      _workers: [],
      _unref: false,
      allowHalfOpen: true,
      pauseOnConnect: false,
      httpAllowHalfOpen: false,
      timeout: 120000,
      keepAliveTimeout: 5000,
      maxHeadersCount: null,
      headersTimeout: 60000,
      _connectionKey: '6::::8080',
      [Symbol(IncomingMessage)]: [Function: IncomingMessage],
      [Symbol(ServerResponse)]: [Function: ServerResponse],
      [Symbol(kCapture)]: false,
      [Symbol(asyncId)]: 5
    },
    timeout: 120000,
    parser: HTTPParser {
      '0': [Function: parserOnHeaders],
      '1': [Function: parserOnHeadersComplete],
      '2': [Function: parserOnBody],
      '3': [Function: parserOnMessageComplete],
      '4': [Function: bound onParserExecute],
      _headers: [],
      _url: '',
      socket: [Circular],
      incoming: [Circular],
      outgoing: null,
      maxHeaderPairs: 2000,
      _consumed: true,
      onIncoming: [Function: bound parserOnIncoming],
      parsingHeadersStart: 0,
      [Symbol(resource_symbol)]: [HTTPServerAsyncResource]
    },
    on: [Function: socketListenerWrap],
    addListener: [Function: socketListenerWrap],
    prependListener: [Function: socketListenerWrap],
    _paused: false,
    _httpMessage: ServerResponse {
      _events: [Object: null prototype],
      _eventsCount: 1,
      _maxListeners: undefined,
      outputData: [],
      outputSize: 0,
      writable: true,
      _last: false,
      chunkedEncoding: false,
      shouldKeepAlive: true,
      useChunkedEncodingByDefault: true,
      sendDate: true,
      _removedConnection: false,
      _removedContLen: false,
      _removedTE: false,
      _contentLength: null,
      _hasBody: true,
      _trailer: '',
      finished: false,
      _headerSent: false,
      socket: [Circular],
      connection: [Circular],
      _header: null,
      _onPendingData: [Function: bound updateOutgoingData],
      _sent100: false,
      _expect_continue: false,
      req: [Circular],
      locals: [Object: null prototype] {},
      [Symbol(kCapture)]: false,
      [Symbol(kNeedDrain)]: false,
      [Symbol(corked)]: 0,
      [Symbol(kOutHeaders)]: [Object: null prototype]
    },
    [Symbol(asyncId)]: 13,
    [Symbol(kHandle)]: TCP {
      reading: true,
      onconnection: null,
      _consumed: true,
      [Symbol(owner_symbol)]: [Circular]
    },
    [Symbol(kSetNoDelay)]: false,
    [Symbol(lastWriteQueueSize)]: 0,
    [Symbol(timeout)]: Timeout {
      _idleTimeout: 120000,
      _idlePrev: [Timeout],
      _idleNext: [TimersList],
      _idleStart: 6318,
      _onTimeout: [Function: bound ],
      _timerArgs: undefined,
      _repeat: null,
      _destroyed: false,
      [Symbol(refed)]: false,
      [Symbol(asyncId)]: 14,
      [Symbol(triggerId)]: 13
    },
    [Symbol(kBuffer)]: null,
    [Symbol(kBufferCb)]: null,
    [Symbol(kBufferGen)]: null,
    [Symbol(kCapture)]: false,
    [Symbol(kBytesRead)]: 0,
    [Symbol(kBytesWritten)]: 0
  },
  _consuming: false,
  _dumped: false,
  next: [Function: next],
  baseUrl: '/api',
  originalUrl: '/api/user',
  _parsedUrl: Url {
    protocol: null,
    slashes: null,
    auth: null,
    host: null,
    port: null,
    hostname: null,
    hash: null,
    search: null,
    query: null,
    pathname: '/user',
    path: '/user',
    href: '/user',
    _raw: '/user'
  },
  params: {},
  query: {},
  res: ServerResponse {
    _events: [Object: null prototype] { finish: [Function: bound resOnFinish] },
    _eventsCount: 1,
    _maxListeners: undefined,
    outputData: [],
    outputSize: 0,
    writable: true,
    _last: false,
    chunkedEncoding: false,
    shouldKeepAlive: true,
    useChunkedEncodingByDefault: true,
    sendDate: true,
    _removedConnection: false,
    _removedContLen: false,
    _removedTE: false,
    _contentLength: null,
    _hasBody: true,
    _trailer: '',
    finished: false,
    _headerSent: false,
    socket: Socket {
      connecting: false,
      _hadError: false,
      _parent: null,
      _host: null,
      _readableState: [ReadableState],
      readable: true,
      _events: [Object: null prototype],
      _eventsCount: 8,
      _maxListeners: undefined,
      _writableState: [WritableState],
      writable: true,
      allowHalfOpen: true,
      _sockname: null,
      _pendingData: null,
      _pendingEncoding: '',
      server: [Server],
      _server: [Server],
      timeout: 120000,
      parser: [HTTPParser],
      on: [Function: socketListenerWrap],
      addListener: [Function: socketListenerWrap],
      prependListener: [Function: socketListenerWrap],
      _paused: false,
      _httpMessage: [Circular],
      [Symbol(asyncId)]: 13,
      [Symbol(kHandle)]: [TCP],
      [Symbol(kSetNoDelay)]: false,
      [Symbol(lastWriteQueueSize)]: 0,
      [Symbol(timeout)]: Timeout {
        _idleTimeout: 120000,
        _idlePrev: [Timeout],
        _idleNext: [TimersList],
        _idleStart: 6318,
        _onTimeout: [Function: bound ],
        _timerArgs: undefined,
        _repeat: null,
        _destroyed: false,
        [Symbol(refed)]: false,
        [Symbol(asyncId)]: 14,
        [Symbol(triggerId)]: 13
      },
      [Symbol(kBuffer)]: null,
      [Symbol(kBufferCb)]: null,
      [Symbol(kBufferGen)]: null,
      [Symbol(kCapture)]: false,
      [Symbol(kBytesRead)]: 0,
      [Symbol(kBytesWritten)]: 0
    },
    connection: Socket {
      connecting: false,
      _hadError: false,
      _parent: null,
      _host: null,
      _readableState: [ReadableState],
      readable: true,
      _events: [Object: null prototype],
      _eventsCount: 8,
      _maxListeners: undefined,
      _writableState: [WritableState],
      writable: true,
      allowHalfOpen: true,
      _sockname: null,
      _pendingData: null,
      _pendingEncoding: '',
      server: [Server],
      _server: [Server],
      timeout: 120000,
      parser: [HTTPParser],
      on: [Function: socketListenerWrap],
      addListener: [Function: socketListenerWrap],
      prependListener: [Function: socketListenerWrap],
      _paused: false,
      _httpMessage: [Circular],
      [Symbol(asyncId)]: 13,
      [Symbol(kHandle)]: [TCP],
      [Symbol(kSetNoDelay)]: false,
      [Symbol(lastWriteQueueSize)]: 0,
      [Symbol(timeout)]: Timeout {
        _idleTimeout: 120000,
        _idlePrev: [Timeout],
        _idleNext: [TimersList],
        _idleStart: 6318,
        _onTimeout: [Function: bound ],
        _timerArgs: undefined,
        _repeat: null,
        _destroyed: false,
        [Symbol(refed)]: false,
        [Symbol(asyncId)]: 14,
        [Symbol(triggerId)]: 13
      },
      [Symbol(kBuffer)]: null,
      [Symbol(kBufferCb)]: null,
      [Symbol(kBufferGen)]: null,
      [Symbol(kCapture)]: false,
      [Symbol(kBytesRead)]: 0,
      [Symbol(kBytesWritten)]: 0
    },
    _header: null,
    _onPendingData: [Function: bound updateOutgoingData],
    _sent100: false,
    _expect_continue: false,
    req: [Circular],
    locals: [Object: null prototype] {},
    [Symbol(kCapture)]: false,
    [Symbol(kNeedDrain)]: false,
    [Symbol(corked)]: 0,
    [Symbol(kOutHeaders)]: [Object: null prototype] { 'x-powered-by': [Array] }
  },
  route: Route {
    path: '/user',
    stack: [ [Layer], [Layer] ],
    methods: { get: true, post: true }
  },
  [Symbol(kCapture)]: false
}
